#
# A fatal error has been detected by the Java Runtime Environment:
#
#  EXCEPTION_ACCESS_VIOLATION (0xc0000005) at pc=0x000002000001a99d, pid=15000, tid=9336
#
# JRE version: Java(TM) SE Runtime Environment (16.0.2+7) (build 16.0.2+7-67)
# Java VM: Java HotSpot(TM) 64-Bit Server VM (16.0.2+7-67, mixed mode, sharing, tiered, compressed oops, compressed class ptrs, g1 gc, windows-amd64)
# Problematic frame:
# j  java.lang.String.getBytes()[B+1 java.base@16.0.2
#
# No core dump will be written. Minidumps are not enabled by default on client versions of Windows
#
# If you would like to submit a bug report, please visit:
#   https://bugreport.java.com/bugreport/crash.jsp
#

---------------  S U M M A R Y ------------

Command Line: -javaagent:C:\Program Files\JetBrains\IntelliJ IDEA 2020.3.3\lib\idea_rt.jar=57995:C:\Program Files\JetBrains\IntelliJ IDEA 2020.3.3\bin -Dfile.encoding=UTF-8 ru.vironit.snake.Main

Host: Intel(R) Core(TM) i5-7400 CPU @ 3.00GHz, 4 cores, 7G,  Windows 10 , 64 bit Build 19041 (10.0.19041.1503)
Time: Mon Feb 28 11:30:19 2022  Windows 10 , 64 bit Build 19041 (10.0.19041.1503) elapsed time: 0.215312 seconds (0d 0h 0m 0s)

---------------  T H R E A D  ---------------

Current thread (0x000002006e56ad00):  JavaThread "main" [_thread_in_Java, id=9336, stack(0x0000004010c00000,0x0000004010d00000)]

Stack: [0x0000004010c00000,0x0000004010d00000],  sp=0x0000004010cfe9a8,  free space=1018k
Native frames: (J=compiled Java code, j=interpreted, Vv=VM code, C=native code)
C  0x000002000001a99d


siginfo: EXCEPTION_ACCESS_VIOLATION (0xc0000005), reading address 0xffffffffffffffff


Register to memory mapping:

RIP=0x000002000001a99d is at code_begin+349 in an Interpreter codelet
invokevirtual  182 invokevirtual  [0x000002000001a840, 0x000002000001ad60]  1312 bytes
RAX=0x0000000000100000 is an unknown value
RBX={method} {0x00000008003f5708} 'coder' '()B' in 'java/lang/String'
RCX=0x006b0061006e0053 is an unknown value
RDX=0x0000000000500001 is an unknown value
RSP=0x0000004010cfe9a8 is pointing into the stack for thread: 0x000002006e56ad00
RBP=0x0000004010cfea00 is pointing into the stack for thread: 0x000002006e56ad00
RSI=0x0000000000000001 is an unknown value
RDI=0x0000004010cfee60 is pointing into the stack for thread: 0x000002006e56ad00
R8 =0x0000000000000003 is an unknown value
R9 =0x0000000000000003 is an unknown value
R10=0x00007ff90ecf8cc0 jvm.dll
R11={method} {0x00000008003f5a78} 'getBytes' '()[B' in 'java/lang/String'
R12=0x0 is NULL
R13=0x0000000800b1d6a9 is pointing into metadata
R14=0x0000004010cfea10 is pointing into the stack for thread: 0x000002006e56ad00
R15=0x000002006e56ad00 is a thread


Registers:
RAX=0x0000000000100000, RBX=0x00000008003f5700, RCX=0x006b0061006e0053, RDX=0x0000000000500001
RSP=0x0000004010cfe9a8, RBP=0x0000004010cfea00, RSI=0x0000000000000001, RDI=0x0000004010cfee60
R8 =0x0000000000000003, R9 =0x0000000000000003, R10=0x00007ff90ecf8cc0, R11=0x00000008003f5a70
R12=0x0000000000000000, R13=0x0000000800b1d6a9, R14=0x0000004010cfea10, R15=0x000002006e56ad00
RIP=0x000002000001a99d, EFLAGS=0x0000000000010206

Top of Stack: (sp=0x0000004010cfe9a8)
0x0000004010cfe9a8:   0000020000009626 006b0061006e0053
0x0000004010cfe9b8:   0000004010cfe9b8 0000000800b1d6a9
0x0000004010cfe9c8:   0000004010cfea10 00000008003f2950
0x0000004010cfe9d8:   0000000000000000 000000008c500c48
0x0000004010cfe9e8:   00000008003f5a70 0000000000000000
0x0000004010cfe9f8:   0000004010cfea10 0000004010cfebf0
0x0000004010cfea08:   0000020000001010 006b0061006e0053
0x0000004010cfea18:   0000000000000000 0000000000000000
0x0000004010cfea28:   0000000000000000 0000000000000000
0x0000004010cfea38:   0000000000000000 0000000000000000
0x0000004010cfea48:   0000000000000000 0000000000000000
0x0000004010cfea58:   0000000000000000 0000000000000000
0x0000004010cfea68:   000002006e56ad00 0000004010cfee40
0x0000004010cfea78:   000000000000000b 0000004010cfec90
0x0000004010cfea88:   0000004010cfed60 0000000000000002
0x0000004010cfea98:   0000004010cfed68 0000004010cfee40 

Instructions: (pc=0x000002000001a99d)
0x000002000001a89d:   b6 00 00 00 e8 05 00 00 00 e9 a6 00 00 00 48 8b
0x000002000001a8ad:   d3 48 8d 44 24 08 4c 89 6d c0 49 8b cf c5 f8 77
0x000002000001a8bd:   49 89 af f8 02 00 00 49 89 87 e8 02 00 00 48 83
0x000002000001a8cd:   ec 20 f7 c4 0f 00 00 00 0f 84 1a 00 00 00 48 83
0x000002000001a8dd:   ec 08 49 ba 70 8f 57 0e f9 7f 00 00 41 ff d2 48
0x000002000001a8ed:   83 c4 08 e9 0d 00 00 00 49 ba 70 8f 57 0e f9 7f
0x000002000001a8fd:   00 00 41 ff d2 48 83 c4 20 49 c7 87 e8 02 00 00
0x000002000001a90d:   00 00 00 00 49 c7 87 f8 02 00 00 00 00 00 00 49
0x000002000001a91d:   c7 87 f0 02 00 00 00 00 00 00 49 c7 87 00 03 00
0x000002000001a92d:   00 00 00 00 00 c5 f8 77 49 81 7f 08 00 00 00 00
0x000002000001a93d:   0f 84 05 00 00 00 e9 b8 65 fe ff 4c 8b 6d c0 4c
0x000002000001a94d:   8b 75 c8 c3 41 0f b7 55 01 48 8b 4d d0 c1 e2 02
0x000002000001a95d:   48 8b 5c d1 30 8b 54 d1 38 8b ca 81 e1 ff 00 00
0x000002000001a96d:   00 48 8b 4c cc f8 44 8b ea c1 ea 1c 49 ba c0 8c
0x000002000001a97d:   cf 0e f9 7f 00 00 49 8b 14 d2 52 41 8b d5 4c 8b
0x000002000001a98d:   6d c0 8b c2 81 e0 00 00 10 00 0f 84 84 01 00 00
0x000002000001a99d:   48 3b 01 48 8b 45 d8 48 85 c0 0f 84 12 00 00 00
0x000002000001a9ad:   48 83 40 08 01 48 83 58 08 00 48 83 c0 38 48 89
0x000002000001a9bd:   45 d8 48 8b 45 d8 48 85 c0 0f 84 49 01 00 00 80
0x000002000001a9cd:   78 c8 0b 0f 85 3f 01 00 00 48 83 c0 08 4c 8b 68
0x000002000001a9dd:   f8 41 83 ed 00 41 83 fd 02 0f 8c 1e 01 00 00 4c
0x000002000001a9ed:   8b 6b 08 45 0f b7 6d 34 4c 2b 28 41 83 ed 01 4e
0x000002000001a9fd:   8b 6c ec 08 4d 85 ed 75 0a 48 81 48 08 01 00 00
0x000002000001aa0d:   00 eb 5a 45 8b 6d 08 49 c1 e5 03 49 ba 00 00 00
0x000002000001aa1d:   00 08 00 00 00 4d 03 ea 4c 33 68 08 49 f7 c5 fc
0x000002000001aa2d:   ff ff ff 74 38 49 f7 c5 02 00 00 00 75 2f 48 81
0x000002000001aa3d:   78 08 00 00 00 00 74 21 48 81 78 08 01 00 00 00
0x000002000001aa4d:   74 17 4c 33 68 08 49 f7 c5 fc ff ff ff 74 0e 48
0x000002000001aa5d:   81 48 08 02 00 00 00 eb 04 4c 89 68 08 48 83 c0
0x000002000001aa6d:   10 4c 8b 68 e8 41 83 ed 02 41 83 fd 02 0f 8c 8a
0x000002000001aa7d:   00 00 00 4c 8b 6b 08 45 0f b7 6d 34 4c 2b 28 41
0x000002000001aa8d:   83 ed 01 4e 8b 6c ec 08 4d 85 ed 75 0a 48 81 48 


Stack slot to memory mapping:
stack at sp + 0 slots: 0x0000020000009626 is at code_begin+1414 in an Interpreter codelet
return entry points  [0x00000200000090a0, 0x0000020000009be0]  2880 bytes
stack at sp + 1 slots: 0x006b0061006e0053 is an unknown value
stack at sp + 2 slots: 0x0000004010cfe9b8 is pointing into the stack for thread: 0x000002006e56ad00
stack at sp + 3 slots: 0x0000000800b1d6a9 is pointing into metadata
stack at sp + 4 slots: 0x0000004010cfea10 is pointing into the stack for thread: 0x000002006e56ad00
stack at sp + 5 slots: 0x00000008003f2950 is pointing into metadata
stack at sp + 6 slots: 0x0 is NULL
stack at sp + 7 slots: 0x000000008c500c48 is an oop: java.lang.Class 
{0x000000008c500c48} - klass: 'java/lang/Class'

invokevirtual  182 invokevirtual  [0x000002000001a840, 0x000002000001ad60]  1312 bytes
[MachCode]
  0x000002000001a840: 4883 ec08 | c5fa 1104 | 24e9 2500 | 0000 4883 | ec10 c5fb | 1104 24e9 | 1700 0000 | 4883 ec10 
  0x000002000001a860: 4889 0424 | 48c7 4424 | 0800 0000 | 00e9 0100 | 0000 504c | 896d c041 | 0fb7 5501 | 488b 4dd0 
  0x000002000001a880: c1e2 028b | 5cd1 20c1 | eb18 81e3 | ff00 0000 | 81fb b600 | 0000 0f84 | c100 0000 | bbb6 0000 
  0x000002000001a8a0: 00e8 0500 | 0000 e9a6 | 0000 0048 | 8bd3 488d | 4424 084c | 896d c049 | 8bcf c5f8 | 7749 89af 
  0x000002000001a8c0: f802 0000 | 4989 87e8 | 0200 0048 | 83ec 20f7 | c40f 0000 | 000f 841a | 0000 0048 | 83ec 0849 
  0x000002000001a8e0: ba70 8f57 | 0ef9 7f00 | 0041 ffd2 | 4883 c408 | e90d 0000 | 0049 ba70 | 8f57 0ef9 | 7f00 0041 
  0x000002000001a900: ffd2 4883 | c420 49c7 | 87e8 0200 | 0000 0000 | 0049 c787 | f802 0000 | 0000 0000 | 49c7 87f0 
  0x000002000001a920: 0200 0000 | 0000 0049 | c787 0003 | 0000 0000 | 0000 c5f8 | 7749 817f | 0800 0000 | 000f 8405 
  0x000002000001a940: 0000 00e9 | b865 feff | 4c8b 6dc0 | 4c8b 75c8 | c341 0fb7 | 5501 488b | 4dd0 c1e2 | 0248 8b5c 
  0x000002000001a960: d130 8b54 | d138 8bca | 81e1 ff00 | 0000 488b | 4ccc f844 | 8bea c1ea | 1c49 bac0 | 8ccf 0ef9 
  0x000002000001a980: 7f00 0049 | 8b14 d252 | 418b d54c | 8b6d c08b | c281 e000 | 0010 000f | 8484 0100 | 0048 3b01 
  0x000002000001a9a0: 488b 45d8 | 4885 c00f | 8412 0000 | 0048 8340 | 0801 4883 | 5808 0048 | 83c0 3848 | 8945 d848 
  0x000002000001a9c0: 8b45 d848 | 85c0 0f84 | 4901 0000 | 8078 c80b | 0f85 3f01 | 0000 4883 | c008 4c8b | 68f8 4183 
  0x000002000001a9e0: ed00 4183 | fd02 0f8c | 1e01 0000 | 4c8b 6b08 | 450f b76d | 344c 2b28 | 4183 ed01 | 4e8b 6cec 
  0x000002000001aa00: 084d 85ed | 750a 4881 | 4808 0100 | 0000 eb5a | 458b 6d08 | 49c1 e503 | 49ba 0000 | 0000 0800 
  0x000002000001aa20: 0000 4d03 | ea4c 3368 | 0849 f7c5 | fcff ffff | 7438 49f7 | c502 0000 | 0075 2f48 | 8178 0800 
  0x000002000001aa40: 0000 0074 | 2148 8178 | 0801 0000 | 0074 174c | 3368 0849 | f7c5 fcff | ffff 740e | 4881 4808 
  0x000002000001aa60: 0200 0000 | eb04 4c89 | 6808 4883 | c010 4c8b | 68e8 4183 | ed02 4183 | fd02 0f8c | 8a00 0000 
  0x000002000001aa80: 4c8b 6b08 | 450f b76d | 344c 2b28 | 4183 ed01 | 4e8b 6cec | 084d 85ed | 750a 4881 | 4808 0100 
  0x000002000001aaa0: 0000 eb5a | 458b 6d08 | 49c1 e503 | 49ba 0000 | 0000 0800 | 0000 4d03 | ea4c 3368 | 0849 f7c5 
  0x000002000001aac0: fcff ffff | 7438 49f7 | c502 0000 | 0075 2f48 | 8178 0800 | 0000 0074 | 2148 8178 | 0801 0000 
  0x000002000001aae0: 0074 174c | 3368 0849 | f7c5 fcff | ffff 740e | 4881 4808 | 0200 0000 | eb04 4c89 | 6808 4883 
  0x000002000001ab00: c010 4c8b | 68d8 4183 | ed04 41c1 | e503 4903 | c548 8945 | d84c 8d6c | 2408 4c89 | 6df0 ff63 
  0x000002000001ab20: 488b 4108 | 48c1 e003 | 49ba 0000 | 0000 0800 | 0000 4903 | c24c 8b75 | d84d 85f6 | 0f84 9500 
  0x000002000001ab40: 0000 498b | 5618 483b | d00f 850f | 0000 0049 | 8346 2001 | 4983 5e20 | 00e9 7100 | 0000 4885 
  0x000002000001ab60: d20f 8442 | 0000 0049 | 8b56 2848 | 3bd0 0f85 | 0f00 0000 | 4983 4630 | 0149 835e | 3000 e94c 
  0x000002000001ab80: 0000 0048 | 85d2 740f | 4983 4608 | 0149 835e | 0800 e938 | 0000 0049 | 8946 28ba | 0100 0000 
  0x000002000001aba0: 4989 5630 | e926 0000 | 0049 3b46 | 280f 850f | 0000 0049 | 8346 3001 | 4983 5e30 | 00e9 0d00 
  0x000002000001abc0: 0000 4989 | 4618 ba01 | 0000 0049 | 8956 2049 | 83c6 384c | 8975 d848 | 8b9c d8c8 | 0100 0048 
  0x000002000001abe0: 8b55 d848 | 85d2 0f84 | 4901 0000 | 807a c80b | 0f85 3f01 | 0000 4883 | c208 4c8b | 6af8 4183 
  0x000002000001ac00: ed00 4183 | fd02 0f8c | 1e01 0000 | 4c8b 6b08 | 450f b76d | 344c 2b2a | 4183 ed01 | 4e8b 6cec 
  0x000002000001ac20: 084d 85ed | 750a 4881 | 4a08 0100 | 0000 eb5a | 458b 6d08 | 49c1 e503 | 49ba 0000 | 0000 0800 
  0x000002000001ac40: 0000 4d03 | ea4c 336a | 0849 f7c5 | fcff ffff | 7438 49f7 | c502 0000 | 0075 2f48 | 817a 0800 
  0x000002000001ac60: 0000 0074 | 2148 817a | 0801 0000 | 0074 174c | 336a 0849 | f7c5 fcff | ffff 740e | 4881 4a08 
  0x000002000001ac80: 0200 0000 | eb04 4c89 | 6a08 4883 | c210 4c8b | 6ae8 4183 | ed02 4183 | fd02 0f8c | 8a00 0000 
  0x000002000001aca0: 4c8b 6b08 | 450f b76d | 344c 2b2a | 4183 ed01 | 4e8b 6cec | 084d 85ed | 750a 4881 | 4a08 0100 
  0x000002000001acc0: 0000 eb5a | 458b 6d08 | 49c1 e503 | 49ba 0000 | 0000 0800 | 0000 4d03 | ea4c 336a | 0849 f7c5 
  0x000002000001ace0: fcff ffff | 7438 49f7 | c502 0000 | 0075 2f48 | 817a 0800 | 0000 0074 | 2148 817a | 0801 0000 
  0x000002000001ad00: 0074 174c | 336a 0849 | f7c5 fcff | ffff 740e | 4881 4a08 | 0200 0000 | eb04 4c89 | 6a08 4883 
  0x000002000001ad20: c210 4c8b | 6ad8 4183 | ed04 41c1 | e503 4903 | d548 8955 | d84c 8d6c | 2408 4c89 | 6df0 ff63 
  0x000002000001ad40: 480f 1f80 | 0000 0000 | 0000 0000 | 0000 0000 | 0000 0000 | 0000 0000 | 0000 0000 | 0000 0000 
[/MachCode]

---------------  P R O C E S S  ---------------

Threads class SMR info:
_java_thread_list=0x000002007d68c600, length=13, elements={
0x000002006e56ad00, 0x000002007cabbfb0, 0x000002007cabd320, 0x000002007cad0b90,
0x000002007cad24b0, 0x000002007cad2dc0, 0x000002007cad36d0, 0x000002007cad6320,
0x000002007cb3cb60, 0x000002007cb46c00, 0x000002006e64af70, 0x000002007d6d70d0,
0x000002007d6d75f0
}

Java Threads: ( => current thread )
=>0x000002006e56ad00 JavaThread "main" [_thread_in_Java, id=9336, stack(0x0000004010c00000,0x0000004010d00000)]
  0x000002007cabbfb0 JavaThread "Reference Handler" daemon [_thread_blocked, id=13228, stack(0x0000004011300000,0x0000004011400000)]
  0x000002007cabd320 JavaThread "Finalizer" daemon [_thread_blocked, id=14560, stack(0x0000004011400000,0x0000004011500000)]
  0x000002007cad0b90 JavaThread "Signal Dispatcher" daemon [_thread_blocked, id=5924, stack(0x0000004011500000,0x0000004011600000)]
  0x000002007cad24b0 JavaThread "Attach Listener" daemon [_thread_blocked, id=5948, stack(0x0000004011600000,0x0000004011700000)]
  0x000002007cad2dc0 JavaThread "Service Thread" daemon [_thread_blocked, id=14028, stack(0x0000004011700000,0x0000004011800000)]
  0x000002007cad36d0 JavaThread "Monitor Deflation Thread" daemon [_thread_blocked, id=992, stack(0x0000004011800000,0x0000004011900000)]
  0x000002007cad6320 JavaThread "C2 CompilerThread0" daemon [_thread_blocked, id=828, stack(0x0000004011900000,0x0000004011a00000)]
  0x000002007cb3cb60 JavaThread "C1 CompilerThread0" daemon [_thread_blocked, id=10972, stack(0x0000004011a00000,0x0000004011b00000)]
  0x000002007cb46c00 JavaThread "Sweeper thread" daemon [_thread_blocked, id=7724, stack(0x0000004011b00000,0x0000004011c00000)]
  0x000002006e64af70 JavaThread "Common-Cleaner" daemon [_thread_blocked, id=9632, stack(0x0000004011c00000,0x0000004011d00000)]
  0x000002007d6d70d0 JavaThread "Monitor Ctrl-Break" daemon [_thread_in_native, id=12552, stack(0x0000004011e00000,0x0000004011f00000)]
  0x000002007d6d75f0 JavaThread "Notification Thread" daemon [_thread_blocked, id=5664, stack(0x0000004011f00000,0x0000004012000000)]

Other Threads:
  0x000002007cab4e60 VMThread "VM Thread" [stack: 0x0000004011200000,0x0000004011300000] [id=10200]
  0x000002007d6d8fa0 WatcherThread [stack: 0x0000004012000000,0x0000004012100000] [id=13124]
  0x000002006e5aa230 GCTaskThread "GC Thread#0" [stack: 0x0000004010d00000,0x0000004010e00000] [id=11568]
  0x000002006e5bbc50 ConcurrentGCThread "G1 Main Marker" [stack: 0x0000004010e00000,0x0000004010f00000] [id=11408]
  0x000002006e5bc5d0 ConcurrentGCThread "G1 Conc#0" [stack: 0x0000004010f00000,0x0000004011000000] [id=8100]
  0x000002006e622480 ConcurrentGCThread "G1 Refine#0" [stack: 0x0000004011000000,0x0000004011100000] [id=5184]
  0x000002006e625230 ConcurrentGCThread "G1 Service" [stack: 0x0000004011100000,0x0000004011200000] [id=16076]

Threads with active compile tasks:

VM state: not at safepoint (normal execution)

VM Mutex/Monitor currently owned by a thread: None

Heap address: 0x0000000084a00000, size: 1974 MB, Compressed Oops mode: 32-bit

CDS archive(s) mapped at: [0x0000000800000000-0x0000000800bb0000-0x0000000800bb0000), size 12255232, SharedBaseAddress: 0x0000000800000000, ArchiveRelocationMode: 0.
Compressed class space mapped at: 0x0000000800c00000-0x0000000840c00000, reserved size: 1073741824
Narrow klass base: 0x0000000800000000, Narrow klass shift: 3, Narrow klass range: 0x100000000

GC Precious Log:
 CPUs: 4 total, 4 available
 Memory: 7891M
 Large Page Support: Disabled
 NUMA Support: Disabled
 Compressed Oops: Enabled (32-bit)
 Heap Region Size: 1M
 Heap Min Capacity: 8M
 Heap Initial Capacity: 124M
 Heap Max Capacity: 1974M
 Pre-touch: Disabled
 Parallel Workers: 4
 Concurrent Workers: 1
 Concurrent Refinement Workers: 4
 Periodic GC: Disabled

Heap:
 garbage-first heap   total 126976K, used 2048K [0x0000000084a00000, 0x0000000100000000)
  region size 1024K, 3 young (3072K), 0 survivors (0K)
 Metaspace       used 1232K, committed 1344K, reserved 1056768K
  class space    used 103K, committed 192K, reserved 1048576K

Heap Regions: E=young(eden), S=young(survivor), O=old, HS=humongous(starts), HC=humongous(continues), CS=collection set, F=free, OA=open archive, CA=closed archive, TAMS=top-at-mark-start (previous, next)
|   0|0x0000000084a00000, 0x0000000084a00000, 0x0000000084b00000|  0%| F|  |TAMS 0x0000000084a00000, 0x0000000084a00000| Untracked 
|   1|0x0000000084b00000, 0x0000000084b00000, 0x0000000084c00000|  0%| F|  |TAMS 0x0000000084b00000, 0x0000000084b00000| Untracked 
|   2|0x0000000084c00000, 0x0000000084c00000, 0x0000000084d00000|  0%| F|  |TAMS 0x0000000084c00000, 0x0000000084c00000| Untracked 
|   3|0x0000000084d00000, 0x0000000084d00000, 0x0000000084e00000|  0%| F|  |TAMS 0x0000000084d00000, 0x0000000084d00000| Untracked 
|   4|0x0000000084e00000, 0x0000000084e00000, 0x0000000084f00000|  0%| F|  |TAMS 0x0000000084e00000, 0x0000000084e00000| Untracked 
|   5|0x0000000084f00000, 0x0000000084f00000, 0x0000000085000000|  0%| F|  |TAMS 0x0000000084f00000, 0x0000000084f00000| Untracked 
|   6|0x0000000085000000, 0x0000000085000000, 0x0000000085100000|  0%| F|  |TAMS 0x0000000085000000, 0x0000000085000000| Untracked 
|   7|0x0000000085100000, 0x0000000085100000, 0x0000000085200000|  0%| F|  |TAMS 0x0000000085100000, 0x0000000085100000| Untracked 
|   8|0x0000000085200000, 0x0000000085200000, 0x0000000085300000|  0%| F|  |TAMS 0x0000000085200000, 0x0000000085200000| Untracked 
|   9|0x0000000085300000, 0x0000000085300000, 0x0000000085400000|  0%| F|  |TAMS 0x0000000085300000, 0x0000000085300000| Untracked 
|  10|0x0000000085400000, 0x0000000085400000, 0x0000000085500000|  0%| F|  |TAMS 0x0000000085400000, 0x0000000085400000| Untracked 
|  11|0x0000000085500000, 0x0000000085500000, 0x0000000085600000|  0%| F|  |TAMS 0x0000000085500000, 0x0000000085500000| Untracked 
|  12|0x0000000085600000, 0x0000000085600000, 0x0000000085700000|  0%| F|  |TAMS 0x0000000085600000, 0x0000000085600000| Untracked 
|  13|0x0000000085700000, 0x0000000085700000, 0x0000000085800000|  0%| F|  |TAMS 0x0000000085700000, 0x0000000085700000| Untracked 
|  14|0x0000000085800000, 0x0000000085800000, 0x0000000085900000|  0%| F|  |TAMS 0x0000000085800000, 0x0000000085800000| Untracked 
|  15|0x0000000085900000, 0x0000000085900000, 0x0000000085a00000|  0%| F|  |TAMS 0x0000000085900000, 0x0000000085900000| Untracked 
|  16|0x0000000085a00000, 0x0000000085a00000, 0x0000000085b00000|  0%| F|  |TAMS 0x0000000085a00000, 0x0000000085a00000| Untracked 
|  17|0x0000000085b00000, 0x0000000085b00000, 0x0000000085c00000|  0%| F|  |TAMS 0x0000000085b00000, 0x0000000085b00000| Untracked 
|  18|0x0000000085c00000, 0x0000000085c00000, 0x0000000085d00000|  0%| F|  |TAMS 0x0000000085c00000, 0x0000000085c00000| Untracked 
|  19|0x0000000085d00000, 0x0000000085d00000, 0x0000000085e00000|  0%| F|  |TAMS 0x0000000085d00000, 0x0000000085d00000| Untracked 
|  20|0x0000000085e00000, 0x0000000085e00000, 0x0000000085f00000|  0%| F|  |TAMS 0x0000000085e00000, 0x0000000085e00000| Untracked 
|  21|0x0000000085f00000, 0x0000000085f00000, 0x0000000086000000|  0%| F|  |TAMS 0x0000000085f00000, 0x0000000085f00000| Untracked 
|  22|0x0000000086000000, 0x0000000086000000, 0x0000000086100000|  0%| F|  |TAMS 0x0000000086000000, 0x0000000086000000| Untracked 
|  23|0x0000000086100000, 0x0000000086100000, 0x0000000086200000|  0%| F|  |TAMS 0x0000000086100000, 0x0000000086100000| Untracked 
|  24|0x0000000086200000, 0x0000000086200000, 0x0000000086300000|  0%| F|  |TAMS 0x0000000086200000, 0x0000000086200000| Untracked 
|  25|0x0000000086300000, 0x0000000086300000, 0x0000000086400000|  0%| F|  |TAMS 0x0000000086300000, 0x0000000086300000| Untracked 
|  26|0x0000000086400000, 0x0000000086400000, 0x0000000086500000|  0%| F|  |TAMS 0x0000000086400000, 0x0000000086400000| Untracked 
|  27|0x0000000086500000, 0x0000000086500000, 0x0000000086600000|  0%| F|  |TAMS 0x0000000086500000, 0x0000000086500000| Untracked 
|  28|0x0000000086600000, 0x0000000086600000, 0x0000000086700000|  0%| F|  |TAMS 0x0000000086600000, 0x0000000086600000| Untracked 
|  29|0x0000000086700000, 0x0000000086700000, 0x0000000086800000|  0%| F|  |TAMS 0x0000000086700000, 0x0000000086700000| Untracked 
|  30|0x0000000086800000, 0x0000000086800000, 0x0000000086900000|  0%| F|  |TAMS 0x0000000086800000, 0x0000000086800000| Untracked 
|  31|0x0000000086900000, 0x0000000086900000, 0x0000000086a00000|  0%| F|  |TAMS 0x0000000086900000, 0x0000000086900000| Untracked 
|  32|0x0000000086a00000, 0x0000000086a00000, 0x0000000086b00000|  0%| F|  |TAMS 0x0000000086a00000, 0x0000000086a00000| Untracked 
|  33|0x0000000086b00000, 0x0000000086b00000, 0x0000000086c00000|  0%| F|  |TAMS 0x0000000086b00000, 0x0000000086b00000| Untracked 
|  34|0x0000000086c00000, 0x0000000086c00000, 0x0000000086d00000|  0%| F|  |TAMS 0x0000000086c00000, 0x0000000086c00000| Untracked 
|  35|0x0000000086d00000, 0x0000000086d00000, 0x0000000086e00000|  0%| F|  |TAMS 0x0000000086d00000, 0x0000000086d00000| Untracked 
|  36|0x0000000086e00000, 0x0000000086e00000, 0x0000000086f00000|  0%| F|  |TAMS 0x0000000086e00000, 0x0000000086e00000| Untracked 
|  37|0x0000000086f00000, 0x0000000086f00000, 0x0000000087000000|  0%| F|  |TAMS 0x0000000086f00000, 0x0000000086f00000| Untracked 
|  38|0x0000000087000000, 0x0000000087000000, 0x0000000087100000|  0%| F|  |TAMS 0x0000000087000000, 0x0000000087000000| Untracked 
|  39|0x0000000087100000, 0x0000000087100000, 0x0000000087200000|  0%| F|  |TAMS 0x0000000087100000, 0x0000000087100000| Untracked 
|  40|0x0000000087200000, 0x0000000087200000, 0x0000000087300000|  0%| F|  |TAMS 0x0000000087200000, 0x0000000087200000| Untracked 
|  41|0x0000000087300000, 0x0000000087300000, 0x0000000087400000|  0%| F|  |TAMS 0x0000000087300000, 0x0000000087300000| Untracked 
|  42|0x0000000087400000, 0x0000000087400000, 0x0000000087500000|  0%| F|  |TAMS 0x0000000087400000, 0x0000000087400000| Untracked 
|  43|0x0000000087500000, 0x0000000087500000, 0x0000000087600000|  0%| F|  |TAMS 0x0000000087500000, 0x0000000087500000| Untracked 
|  44|0x0000000087600000, 0x0000000087600000, 0x0000000087700000|  0%| F|  |TAMS 0x0000000087600000, 0x0000000087600000| Untracked 
|  45|0x0000000087700000, 0x0000000087700000, 0x0000000087800000|  0%| F|  |TAMS 0x0000000087700000, 0x0000000087700000| Untracked 
|  46|0x0000000087800000, 0x0000000087800000, 0x0000000087900000|  0%| F|  |TAMS 0x0000000087800000, 0x0000000087800000| Untracked 
|  47|0x0000000087900000, 0x0000000087900000, 0x0000000087a00000|  0%| F|  |TAMS 0x0000000087900000, 0x0000000087900000| Untracked 
|  48|0x0000000087a00000, 0x0000000087a00000, 0x0000000087b00000|  0%| F|  |TAMS 0x0000000087a00000, 0x0000000087a00000| Untracked 
|  49|0x0000000087b00000, 0x0000000087b00000, 0x0000000087c00000|  0%| F|  |TAMS 0x0000000087b00000, 0x0000000087b00000| Untracked 
|  50|0x0000000087c00000, 0x0000000087c00000, 0x0000000087d00000|  0%| F|  |TAMS 0x0000000087c00000, 0x0000000087c00000| Untracked 
|  51|0x0000000087d00000, 0x0000000087d00000, 0x0000000087e00000|  0%| F|  |TAMS 0x0000000087d00000, 0x0000000087d00000| Untracked 
|  52|0x0000000087e00000, 0x0000000087e00000, 0x0000000087f00000|  0%| F|  |TAMS 0x0000000087e00000, 0x0000000087e00000| Untracked 
|  53|0x0000000087f00000, 0x0000000087f00000, 0x0000000088000000|  0%| F|  |TAMS 0x0000000087f00000, 0x0000000087f00000| Untracked 
|  54|0x0000000088000000, 0x0000000088000000, 0x0000000088100000|  0%| F|  |TAMS 0x0000000088000000, 0x0000000088000000| Untracked 
|  55|0x0000000088100000, 0x0000000088100000, 0x0000000088200000|  0%| F|  |TAMS 0x0000000088100000, 0x0000000088100000| Untracked 
|  56|0x0000000088200000, 0x0000000088200000, 0x0000000088300000|  0%| F|  |TAMS 0x0000000088200000, 0x0000000088200000| Untracked 
|  57|0x0000000088300000, 0x0000000088300000, 0x0000000088400000|  0%| F|  |TAMS 0x0000000088300000, 0x0000000088300000| Untracked 
|  58|0x0000000088400000, 0x0000000088400000, 0x0000000088500000|  0%| F|  |TAMS 0x0000000088400000, 0x0000000088400000| Untracked 
|  59|0x0000000088500000, 0x0000000088500000, 0x0000000088600000|  0%| F|  |TAMS 0x0000000088500000, 0x0000000088500000| Untracked 
|  60|0x0000000088600000, 0x0000000088600000, 0x0000000088700000|  0%| F|  |TAMS 0x0000000088600000, 0x0000000088600000| Untracked 
|  61|0x0000000088700000, 0x0000000088700000, 0x0000000088800000|  0%| F|  |TAMS 0x0000000088700000, 0x0000000088700000| Untracked 
|  62|0x0000000088800000, 0x0000000088800000, 0x0000000088900000|  0%| F|  |TAMS 0x0000000088800000, 0x0000000088800000| Untracked 
|  63|0x0000000088900000, 0x0000000088900000, 0x0000000088a00000|  0%| F|  |TAMS 0x0000000088900000, 0x0000000088900000| Untracked 
|  64|0x0000000088a00000, 0x0000000088a00000, 0x0000000088b00000|  0%| F|  |TAMS 0x0000000088a00000, 0x0000000088a00000| Untracked 
|  65|0x0000000088b00000, 0x0000000088b00000, 0x0000000088c00000|  0%| F|  |TAMS 0x0000000088b00000, 0x0000000088b00000| Untracked 
|  66|0x0000000088c00000, 0x0000000088c00000, 0x0000000088d00000|  0%| F|  |TAMS 0x0000000088c00000, 0x0000000088c00000| Untracked 
|  67|0x0000000088d00000, 0x0000000088d00000, 0x0000000088e00000|  0%| F|  |TAMS 0x0000000088d00000, 0x0000000088d00000| Untracked 
|  68|0x0000000088e00000, 0x0000000088e00000, 0x0000000088f00000|  0%| F|  |TAMS 0x0000000088e00000, 0x0000000088e00000| Untracked 
|  69|0x0000000088f00000, 0x0000000088f00000, 0x0000000089000000|  0%| F|  |TAMS 0x0000000088f00000, 0x0000000088f00000| Untracked 
|  70|0x0000000089000000, 0x0000000089000000, 0x0000000089100000|  0%| F|  |TAMS 0x0000000089000000, 0x0000000089000000| Untracked 
|  71|0x0000000089100000, 0x0000000089100000, 0x0000000089200000|  0%| F|  |TAMS 0x0000000089100000, 0x0000000089100000| Untracked 
|  72|0x0000000089200000, 0x0000000089200000, 0x0000000089300000|  0%| F|  |TAMS 0x0000000089200000, 0x0000000089200000| Untracked 
|  73|0x0000000089300000, 0x0000000089300000, 0x0000000089400000|  0%| F|  |TAMS 0x0000000089300000, 0x0000000089300000| Untracked 
|  74|0x0000000089400000, 0x0000000089400000, 0x0000000089500000|  0%| F|  |TAMS 0x0000000089400000, 0x0000000089400000| Untracked 
|  75|0x0000000089500000, 0x0000000089500000, 0x0000000089600000|  0%| F|  |TAMS 0x0000000089500000, 0x0000000089500000| Untracked 
|  76|0x0000000089600000, 0x0000000089600000, 0x0000000089700000|  0%| F|  |TAMS 0x0000000089600000, 0x0000000089600000| Untracked 
|  77|0x0000000089700000, 0x0000000089700000, 0x0000000089800000|  0%| F|  |TAMS 0x0000000089700000, 0x0000000089700000| Untracked 
|  78|0x0000000089800000, 0x0000000089800000, 0x0000000089900000|  0%| F|  |TAMS 0x0000000089800000, 0x0000000089800000| Untracked 
|  79|0x0000000089900000, 0x0000000089900000, 0x0000000089a00000|  0%| F|  |TAMS 0x0000000089900000, 0x0000000089900000| Untracked 
|  80|0x0000000089a00000, 0x0000000089a00000, 0x0000000089b00000|  0%| F|  |TAMS 0x0000000089a00000, 0x0000000089a00000| Untracked 
|  81|0x0000000089b00000, 0x0000000089b00000, 0x0000000089c00000|  0%| F|  |TAMS 0x0000000089b00000, 0x0000000089b00000| Untracked 
|  82|0x0000000089c00000, 0x0000000089c00000, 0x0000000089d00000|  0%| F|  |TAMS 0x0000000089c00000, 0x0000000089c00000| Untracked 
|  83|0x0000000089d00000, 0x0000000089d00000, 0x0000000089e00000|  0%| F|  |TAMS 0x0000000089d00000, 0x0000000089d00000| Untracked 
|  84|0x0000000089e00000, 0x0000000089e00000, 0x0000000089f00000|  0%| F|  |TAMS 0x0000000089e00000, 0x0000000089e00000| Untracked 
|  85|0x0000000089f00000, 0x0000000089f00000, 0x000000008a000000|  0%| F|  |TAMS 0x0000000089f00000, 0x0000000089f00000| Untracked 
|  86|0x000000008a000000, 0x000000008a000000, 0x000000008a100000|  0%| F|  |TAMS 0x000000008a000000, 0x000000008a000000| Untracked 
|  87|0x000000008a100000, 0x000000008a100000, 0x000000008a200000|  0%| F|  |TAMS 0x000000008a100000, 0x000000008a100000| Untracked 
|  88|0x000000008a200000, 0x000000008a200000, 0x000000008a300000|  0%| F|  |TAMS 0x000000008a200000, 0x000000008a200000| Untracked 
|  89|0x000000008a300000, 0x000000008a300000, 0x000000008a400000|  0%| F|  |TAMS 0x000000008a300000, 0x000000008a300000| Untracked 
|  90|0x000000008a400000, 0x000000008a400000, 0x000000008a500000|  0%| F|  |TAMS 0x000000008a400000, 0x000000008a400000| Untracked 
|  91|0x000000008a500000, 0x000000008a500000, 0x000000008a600000|  0%| F|  |TAMS 0x000000008a500000, 0x000000008a500000| Untracked 
|  92|0x000000008a600000, 0x000000008a600000, 0x000000008a700000|  0%| F|  |TAMS 0x000000008a600000, 0x000000008a600000| Untracked 
|  93|0x000000008a700000, 0x000000008a700000, 0x000000008a800000|  0%| F|  |TAMS 0x000000008a700000, 0x000000008a700000| Untracked 
|  94|0x000000008a800000, 0x000000008a800000, 0x000000008a900000|  0%| F|  |TAMS 0x000000008a800000, 0x000000008a800000| Untracked 
|  95|0x000000008a900000, 0x000000008a900000, 0x000000008aa00000|  0%| F|  |TAMS 0x000000008a900000, 0x000000008a900000| Untracked 
|  96|0x000000008aa00000, 0x000000008aa00000, 0x000000008ab00000|  0%| F|  |TAMS 0x000000008aa00000, 0x000000008aa00000| Untracked 
|  97|0x000000008ab00000, 0x000000008ab00000, 0x000000008ac00000|  0%| F|  |TAMS 0x000000008ab00000, 0x000000008ab00000| Untracked 
|  98|0x000000008ac00000, 0x000000008ac00000, 0x000000008ad00000|  0%| F|  |TAMS 0x000000008ac00000, 0x000000008ac00000| Untracked 
|  99|0x000000008ad00000, 0x000000008ad00000, 0x000000008ae00000|  0%| F|  |TAMS 0x000000008ad00000, 0x000000008ad00000| Untracked 
| 100|0x000000008ae00000, 0x000000008ae00000, 0x000000008af00000|  0%| F|  |TAMS 0x000000008ae00000, 0x000000008ae00000| Untracked 
| 101|0x000000008af00000, 0x000000008af00000, 0x000000008b000000|  0%| F|  |TAMS 0x000000008af00000, 0x000000008af00000| Untracked 
| 102|0x000000008b000000, 0x000000008b000000, 0x000000008b100000|  0%| F|  |TAMS 0x000000008b000000, 0x000000008b000000| Untracked 
| 103|0x000000008b100000, 0x000000008b100000, 0x000000008b200000|  0%| F|  |TAMS 0x000000008b100000, 0x000000008b100000| Untracked 
| 104|0x000000008b200000, 0x000000008b200000, 0x000000008b300000|  0%| F|  |TAMS 0x000000008b200000, 0x000000008b200000| Untracked 
| 105|0x000000008b300000, 0x000000008b300000, 0x000000008b400000|  0%| F|  |TAMS 0x000000008b300000, 0x000000008b300000| Untracked 
| 106|0x000000008b400000, 0x000000008b400000, 0x000000008b500000|  0%| F|  |TAMS 0x000000008b400000, 0x000000008b400000| Untracked 
| 107|0x000000008b500000, 0x000000008b500000, 0x000000008b600000|  0%| F|  |TAMS 0x000000008b500000, 0x000000008b500000| Untracked 
| 108|0x000000008b600000, 0x000000008b600000, 0x000000008b700000|  0%| F|  |TAMS 0x000000008b600000, 0x000000008b600000| Untracked 
| 109|0x000000008b700000, 0x000000008b700000, 0x000000008b800000|  0%| F|  |TAMS 0x000000008b700000, 0x000000008b700000| Untracked 
| 110|0x000000008b800000, 0x000000008b800000, 0x000000008b900000|  0%| F|  |TAMS 0x000000008b800000, 0x000000008b800000| Untracked 
| 111|0x000000008b900000, 0x000000008b900000, 0x000000008ba00000|  0%| F|  |TAMS 0x000000008b900000, 0x000000008b900000| Untracked 
| 112|0x000000008ba00000, 0x000000008ba00000, 0x000000008bb00000|  0%| F|  |TAMS 0x000000008ba00000, 0x000000008ba00000| Untracked 
| 113|0x000000008bb00000, 0x000000008bb00000, 0x000000008bc00000|  0%| F|  |TAMS 0x000000008bb00000, 0x000000008bb00000| Untracked 
| 114|0x000000008bc00000, 0x000000008bc00000, 0x000000008bd00000|  0%| F|  |TAMS 0x000000008bc00000, 0x000000008bc00000| Untracked 
| 115|0x000000008bd00000, 0x000000008bd00000, 0x000000008be00000|  0%| F|  |TAMS 0x000000008bd00000, 0x000000008bd00000| Untracked 
| 116|0x000000008be00000, 0x000000008be00000, 0x000000008bf00000|  0%| F|  |TAMS 0x000000008be00000, 0x000000008be00000| Untracked 
| 117|0x000000008bf00000, 0x000000008bf00000, 0x000000008c000000|  0%| F|  |TAMS 0x000000008bf00000, 0x000000008bf00000| Untracked 
| 118|0x000000008c000000, 0x000000008c000000, 0x000000008c100000|  0%| F|  |TAMS 0x000000008c000000, 0x000000008c000000| Untracked 
| 119|0x000000008c100000, 0x000000008c100000, 0x000000008c200000|  0%| F|  |TAMS 0x000000008c100000, 0x000000008c100000| Untracked 
| 120|0x000000008c200000, 0x000000008c200000, 0x000000008c300000|  0%| F|  |TAMS 0x000000008c200000, 0x000000008c200000| Untracked 
| 121|0x000000008c300000, 0x000000008c400000, 0x000000008c400000|100%| E|  |TAMS 0x000000008c300000, 0x000000008c300000| Complete 
| 122|0x000000008c400000, 0x000000008c500000, 0x000000008c500000|100%| E|CS|TAMS 0x000000008c400000, 0x000000008c400000| Complete 
| 123|0x000000008c500000, 0x000000008c600000, 0x000000008c600000|100%| E|CS|TAMS 0x000000008c500000, 0x000000008c500000| Complete 

Card table byte_map: [0x00000200760d0000,0x00000200764b0000] _byte_map_base: 0x0000020075cab000

Marking Bits (Prev, Next): (CMBitMap*) 0x000002006e5abbc0, (CMBitMap*) 0x000002006e5abc00
 Prev Bits: [0x0000020076890000, 0x0000020078768000)
 Next Bits: [0x0000020078770000, 0x000002007a648000)

Polling page: 0x000002006c540000

Metaspace:

Usage:
  Non-class:      1.10 MB used.
      Class:    103.15 KB used.
       Both:      1.20 MB used.

Virtual space:
  Non-class space:        8.00 MB reserved,       1.12 MB ( 14%) committed,  1 nodes.
      Class space:        1.00 GB reserved,     192.00 KB ( <1%) committed,  1 nodes.
              Both:        1.01 GB reserved,       1.31 MB ( <1%) committed. 

Chunk freelists:
   Non-Class:  3.75 MB
       Class:  3.70 MB
        Both:  7.45 MB

MaxMetaspaceSize: 17179869184.00 GB
CompressedClassSpaceSize: 1.00 GB
 - commit_granule_bytes: 65536.
 - commit_granule_words: 8192.
 - virtual_space_node_default_size: 1048576.
 - enlarge_chunks_in_place: 1.
 - new_chunks_are_fully_committed: 0.
 - uncommit_free_chunks: 1.
 - use_allocation_guard: 0.
 - handle_deallocations: 1.


Internal statistics:

num_allocs_failed_limit: 0.
num_arena_births: 12.
num_arena_deaths: 0.
num_vsnodes_births: 2.
num_vsnodes_deaths: 0.
num_space_committed: 21.
num_space_uncommitted: 0.
num_chunks_returned_to_freelist: 0.
num_chunks_taken_from_freelist: 36.
num_chunk_merges: 0.
num_chunk_splits: 16.
num_chunks_enlarged: 12.
num_purges: 0.

CodeHeap 'non-profiled nmethods': size=120000Kb used=84Kb max_used=84Kb free=119915Kb
 bounds [0x0000020007ad0000, 0x0000020007d40000, 0x000002000f000000]
CodeHeap 'profiled nmethods': size=120000Kb used=321Kb max_used=321Kb free=119678Kb
 bounds [0x00000200005a0000, 0x0000020000810000, 0x0000020007ad0000]
CodeHeap 'non-nmethods': size=5760Kb used=1141Kb max_used=1145Kb free=4618Kb
 bounds [0x0000020000000000, 0x0000020000270000, 0x00000200005a0000]
 total_blobs=702 nmethods=278 adapters=337
 compilation: enabled
              stopped_count=0, restarted_count=0
 full_count=0

Compilation events (20 events):
Event: 0.171 Thread 0x000002007cb3cb60  269       3       java.util.ArrayList::get (15 bytes)
Event: 0.172 Thread 0x000002007cb3cb60 nmethod 269 0x00000200005ed210 code [0x00000200005ed3e0, 0x00000200005ed708]
Event: 0.172 Thread 0x000002007cb3cb60  270       3       java.util.Objects::checkIndex (7 bytes)
Event: 0.172 Thread 0x000002007cb3cb60 nmethod 270 0x00000200005ed890 code [0x00000200005eda40, 0x00000200005edc48]
Event: 0.172 Thread 0x000002007cb3cb60  271   !   3       java.util.jar.JarFile::isMultiRelease (33 bytes)
Event: 0.172 Thread 0x000002007cb3cb60 nmethod 271 0x00000200005edd90 code [0x00000200005edf40, 0x00000200005ee148]
Event: 0.209 Thread 0x000002007cb3cb60  272       1       java.security.CodeSource::getLocationNoFragString (5 bytes)
Event: 0.209 Thread 0x000002007cb3cb60 nmethod 272 0x0000020007ae4d10 code [0x0000020007ae4ea0, 0x0000020007ae4f78]
Event: 0.211 Thread 0x000002007cb3cb60  273       3       java.lang.StringConcatHelper::stringOf (20 bytes)
Event: 0.211 Thread 0x000002007cb3cb60 nmethod 273 0x00000200005ee210 code [0x00000200005ee3c0, 0x00000200005ee608]
Event: 0.211 Thread 0x000002007cb3cb60  276       3       java.lang.StringConcatHelper::newArray (26 bytes)
Event: 0.211 Thread 0x000002007cb3cb60 nmethod 276 0x00000200005ee710 code [0x00000200005ee8c0, 0x00000200005eeb08]
Event: 0.211 Thread 0x000002007cb3cb60  274       3       java.lang.StringConcatHelper::mix (27 bytes)
Event: 0.211 Thread 0x000002007cb3cb60 nmethod 274 0x00000200005eec10 code [0x00000200005eede0, 0x00000200005ef208]
Event: 0.211 Thread 0x000002007cb3cb60  275       3       java.lang.StringConcatHelper::checkOverflow (17 bytes)
Event: 0.211 Thread 0x000002007cb3cb60 nmethod 275 0x00000200005ef410 code [0x00000200005ef5c0, 0x00000200005ef7c8]
Event: 0.213 Thread 0x000002007cb3cb60  277       1       java.net.URL::getUserInfo (5 bytes)
Event: 0.213 Thread 0x000002007cb3cb60 nmethod 277 0x0000020007ae5010 code [0x0000020007ae51a0, 0x0000020007ae5278]
Event: 0.213 Thread 0x000002007cb3cb60  278       3       java.lang.String::regionMatches (150 bytes)
Event: 0.214 Thread 0x000002007cb3cb60 nmethod 278 0x00000200005ef890 code [0x00000200005efae0, 0x00000200005f02e8]

GC Heap History (0 events):
No events

Deoptimization events (0 events):
No events

Classes unloaded (0 events):
No events

Classes redefined (0 events):
No events

Internal exceptions (3 events):
Event: 0.141 Thread 0x000002007d6d70d0 Exception <a 'java/lang/NoSuchMethodError'{0x000000008c309490}: 'java.lang.Object java.lang.invoke.DirectMethodHandle$Holder.invokeStatic(java.lang.Object)'> (0x000000008c309490) 
thrown [t:\workspace\open\src\hotspot\share\interpreter\linkResolver.cpp, line 790]
Event: 0.142 Thread 0x000002007d6d70d0 Exception <a 'java/lang/NoSuchMethodError'{0x000000008c30cda0}: 'java.lang.Object java.lang.invoke.DirectMethodHandle$Holder.invokeStaticInit(java.lang.Object)'> (0x000000008c30cda0) 
thrown [t:\workspace\open\src\hotspot\share\interpreter\linkResolver.cpp, line 790]
Event: 0.148 Thread 0x000002007d6d70d0 Exception <a 'java/lang/NoSuchMethodError'{0x000000008c31aa18}: 'void java.lang.invoke.DirectMethodHandle$Holder.invokeStatic(java.lang.Object, java.lang.Object)'> (0x000000008c31aa18) 
thrown [t:\workspace\open\src\hotspot\share\interpreter\linkResolver.cpp, line 790]

Events (20 events):
Event: 0.212 loading class jdk/internal/reflect/UnsafeQualifiedStaticObjectFieldAccessorImpl
Event: 0.212 loading class jdk/internal/reflect/UnsafeQualifiedStaticFieldAccessorImpl
Event: 0.212 loading class jdk/internal/reflect/UnsafeQualifiedStaticFieldAccessorImpl done
Event: 0.212 loading class jdk/internal/reflect/UnsafeQualifiedStaticObjectFieldAccessorImpl done
Event: 0.212 loading class jdk/internal/access/foreign/MemorySegmentProxy
Event: 0.212 loading class jdk/internal/access/foreign/MemorySegmentProxy done
Event: 0.213 loading class java/nio/StringCharBuffer
Event: 0.213 loading class java/nio/StringCharBuffer done
Event: 0.214 loading class sun/nio/cs/UTF_16LE$Encoder
Event: 0.214 loading class sun/nio/cs/UnicodeEncoder
Event: 0.214 loading class sun/nio/cs/UnicodeEncoder done
Event: 0.214 loading class sun/nio/cs/UTF_16LE$Encoder done
Event: 0.214 loading class sun/nio/cs/UTF_16LE$Decoder
Event: 0.214 loading class sun/nio/cs/UnicodeDecoder
Event: 0.214 loading class sun/nio/cs/UnicodeDecoder done
Event: 0.214 loading class sun/nio/cs/UTF_16LE$Decoder done
Event: 0.214 loading class sun/nio/cs/Surrogate$Parser
Event: 0.214 loading class sun/nio/cs/Surrogate$Parser done
Event: 0.214 loading class sun/nio/cs/Surrogate
Event: 0.214 loading class sun/nio/cs/Surrogate done


Dynamic libraries:
0x00007ff787c50000 - 0x00007ff787c60000 	C:\Program Files\Java\jdk-16.0.2\bin\java.exe
0x00007ff960f70000 - 0x00007ff961165000 	C:\Windows\SYSTEM32\ntdll.dll
0x00007ff960160000 - 0x00007ff96021e000 	C:\Windows\System32\KERNEL32.DLL
0x00007ff95e780000 - 0x00007ff95ea48000 	C:\Windows\System32\KERNELBASE.dll
0x00007ff95e680000 - 0x00007ff95e780000 	C:\Windows\System32\ucrtbase.dll
0x00007ff959cc0000 - 0x00007ff959cd9000 	C:\Program Files\Java\jdk-16.0.2\bin\VCRUNTIME140.dll
0x00007ff946a00000 - 0x00007ff946a18000 	C:\Program Files\Java\jdk-16.0.2\bin\jli.dll
0x00007ff960dd0000 - 0x00007ff960e7e000 	C:\Windows\System32\ADVAPI32.dll
0x00007ff95f090000 - 0x00007ff95f12e000 	C:\Windows\System32\msvcrt.dll
0x00007ff960310000 - 0x00007ff9603ac000 	C:\Windows\System32\sechost.dll
0x00007ff9603b0000 - 0x00007ff9604d5000 	C:\Windows\System32\RPCRT4.dll
0x00007ff960c30000 - 0x00007ff960dd0000 	C:\Windows\System32\USER32.dll
0x00007ff95ede0000 - 0x00007ff95ee02000 	C:\Windows\System32\win32u.dll
0x00007ff960f00000 - 0x00007ff960f2b000 	C:\Windows\System32\GDI32.dll
0x00007ff95ee10000 - 0x00007ff95ef1d000 	C:\Windows\System32\gdi32full.dll
0x00007ff95ef20000 - 0x00007ff95efbd000 	C:\Windows\System32\msvcp_win.dll
0x00007ff94eaf0000 - 0x00007ff94ed8a000 	C:\Windows\WinSxS\amd64_microsoft.windows.common-controls_6595b64144ccf1df_6.0.19041.1110_none_60b5254171f9507e\COMCTL32.dll
0x00007ff959710000 - 0x00007ff95971a000 	C:\Windows\SYSTEM32\VERSION.dll
0x00007ff960a40000 - 0x00007ff960a70000 	C:\Windows\System32\IMM32.DLL
0x00007ff95a560000 - 0x00007ff95a56c000 	C:\Program Files\Java\jdk-16.0.2\bin\vcruntime140_1.dll
0x00007ff93f970000 - 0x00007ff93fa01000 	C:\Program Files\Java\jdk-16.0.2\bin\msvcp140.dll
0x00007ff90e200000 - 0x00007ff90edab000 	C:\Program Files\Java\jdk-16.0.2\bin\server\jvm.dll
0x00007ff960ae0000 - 0x00007ff960ae8000 	C:\Windows\System32\PSAPI.DLL
0x00007ff951940000 - 0x00007ff951949000 	C:\Windows\SYSTEM32\WSOCK32.dll
0x00007ff960a70000 - 0x00007ff960adb000 	C:\Windows\System32\WS2_32.dll
0x00007ff94f340000 - 0x00007ff94f367000 	C:\Windows\SYSTEM32\WINMM.dll
0x00007ff95c470000 - 0x00007ff95c482000 	C:\Windows\SYSTEM32\kernel.appcore.dll
0x00007ff959cb0000 - 0x00007ff959cba000 	C:\Program Files\Java\jdk-16.0.2\bin\jimage.dll
0x00007ff958ce0000 - 0x00007ff958ec4000 	C:\Windows\SYSTEM32\DBGHELP.DLL
0x00007ff958a60000 - 0x00007ff958a8c000 	C:\Windows\SYSTEM32\dbgcore.DLL
0x00007ff95ecb0000 - 0x00007ff95ed32000 	C:\Windows\System32\bcryptPrimitives.dll
0x00007ff95a340000 - 0x00007ff95a34e000 	C:\Program Files\Java\jdk-16.0.2\bin\instrument.dll
0x00007ff9469d0000 - 0x00007ff9469f5000 	C:\Program Files\Java\jdk-16.0.2\bin\java.dll
0x00007ff95f320000 - 0x00007ff95fa64000 	C:\Windows\System32\SHELL32.dll
0x00007ff95c750000 - 0x00007ff95cee4000 	C:\Windows\SYSTEM32\windows.storage.dll
0x00007ff95fcd0000 - 0x00007ff960025000 	C:\Windows\System32\combase.dll
0x00007ff95dff0000 - 0x00007ff95e01e000 	C:\Windows\SYSTEM32\Wldp.dll
0x00007ff95fc20000 - 0x00007ff95fccd000 	C:\Windows\System32\SHCORE.dll
0x00007ff95f2c0000 - 0x00007ff95f315000 	C:\Windows\System32\shlwapi.dll
0x00007ff95e5c0000 - 0x00007ff95e5df000 	C:\Windows\SYSTEM32\profapi.dll
0x00007ff93f950000 - 0x00007ff93f968000 	C:\Program Files\Java\jdk-16.0.2\bin\zip.dll
0x00007ff9432d0000 - 0x00007ff9432e9000 	C:\Program Files\Java\jdk-16.0.2\bin\net.dll
0x00007ff955d10000 - 0x00007ff955e1c000 	C:\Windows\SYSTEM32\WINHTTP.dll
0x00007ff95ddd0000 - 0x00007ff95de3a000 	C:\Windows\system32\mswsock.dll
0x00007ff9432b0000 - 0x00007ff9432c3000 	C:\Program Files\Java\jdk-16.0.2\bin\nio.dll
0x00007ff9596f0000 - 0x00007ff95970a000 	C:\Program Files\JetBrains\IntelliJ IDEA 2020.3.3\bin\breakgen64.dll
0x00007ff9432a0000 - 0x00007ff9432b0000 	C:\Program Files\Java\jdk-16.0.2\bin\verify.dll
0x0000000180000000 - 0x0000000180050000 	C:\Program Files\Java\jdk-16.0.2\bin\lwjgl64.dll
0x00007ff93de80000 - 0x00007ff93dfa5000 	C:\Windows\SYSTEM32\OPENGL32.dll
0x00007ff9476f0000 - 0x00007ff94771c000 	C:\Windows\SYSTEM32\GLU32.dll
0x00007ff9450a0000 - 0x00007ff94514e000 	C:\Windows\SYSTEM32\mscms.dll
0x00007ff95e580000 - 0x00007ff95e5ae000 	C:\Windows\SYSTEM32\USERENV.dll
0x00007ff9470f0000 - 0x00007ff947101000 	C:\Windows\SYSTEM32\ColorAdapterClient.dll
0x00007ff9604f0000 - 0x00007ff9605bd000 	C:\Windows\System32\OLEAUT32.dll
0x00007ff95c070000 - 0x00007ff95c10e000 	C:\Windows\system32\uxtheme.dll
0x00007ff95f190000 - 0x00007ff95f2a6000 	C:\Windows\System32\MSCTF.dll
0x00007ff95efe0000 - 0x00007ff95f089000 	C:\Windows\System32\clbcatq.dll
0x00007ff91eb80000 - 0x00007ff91fb45000 	C:\Windows\System32\DriverStore\FileRepository\iigd_dch.inf_amd64_a086f01cc7be643a\ig9icd64.dll
0x00007ff960030000 - 0x00007ff96015a000 	C:\Windows\System32\ole32.dll
0x00007ff95c440000 - 0x00007ff95c46f000 	C:\Windows\system32\dwmapi.dll
0x00007ff95cf30000 - 0x00007ff95d024000 	C:\Windows\system32\dxgi.dll
0x00007ff943020000 - 0x00007ff94325f000 	C:\Windows\System32\DriverStore\FileRepository\iigd_dch.inf_amd64_a086f01cc7be643a\igdgmm64.dll
0x00007ff958540000 - 0x00007ff958639000 	C:\Windows\SYSTEM32\textinputframework.dll
0x00007ff95bce0000 - 0x00007ff95bdd2000 	C:\Windows\System32\CoreMessaging.dll
0x00007ff95b980000 - 0x00007ff95bcde000 	C:\Windows\System32\CoreUIComponents.dll
0x00007ff95d330000 - 0x00007ff95d363000 	C:\Windows\SYSTEM32\ntmarta.dll
0x00007ff95b260000 - 0x00007ff95b3b4000 	C:\Windows\SYSTEM32\wintypes.dll

dbghelp: loaded successfully - version: 4.0.5 - missing functions: none
symbol engine: initialized successfully - sym options: 0x614 - pdb path: .;C:\Program Files\Java\jdk-16.0.2\bin;C:\Windows\SYSTEM32;C:\Windows\WinSxS\amd64_microsoft.windows.common-controls_6595b64144ccf1df_6.0.19041.1110_none_60b5254171f9507e;C:\Program Files\Java\jdk-16.0.2\bin\server;C:\Program Files\JetBrains\IntelliJ IDEA 2020.3.3\bin;C:\Windows\System32\DriverStore\FileRepository\iigd_dch.inf_amd64_a086f01cc7be643a

VM Arguments:
jvm_args: -javaagent:C:\Program Files\JetBrains\IntelliJ IDEA 2020.3.3\lib\idea_rt.jar=57995:C:\Program Files\JetBrains\IntelliJ IDEA 2020.3.3\bin -Dfile.encoding=UTF-8 
java_command: ru.vironit.snake.Main
java_class_path (initial): C:\Users\User\Downloads\ThreadTrain\target\classes;C:\Users\User\.m2\repository\org\scala-lang\jline\2.11.0-M3\jline-2.11.0-M3.jar;C:\Users\User\.m2\repository\org\fusesource\jansi\jansi\1.4\jansi-1.4.jar;C:\Users\User\.m2\repository\com\1stleg\jnativehook\2.0.2\jnativehook-2.0.2.jar;C:\Users\User\.m2\repository\org\lwjgl\lwjgl\lwjgl\2.8.2\lwjgl-2.8.2.jar;C:\Users\User\.m2\repository\org\lwjgl\lwjgl\lwjgl-platform\2.8.2\lwjgl-platform-2.8.2-natives-windows.jar;C:\Users\User\.m2\repository\org\lwjgl\lwjgl\lwjgl-platform\2.8.2\lwjgl-platform-2.8.2-natives-linux.jar;C:\Users\User\.m2\repository\org\lwjgl\lwjgl\lwjgl-platform\2.8.2\lwjgl-platform-2.8.2-natives-osx.jar;C:\Users\User\.m2\repository\net\java\jinput\jinput\2.0.5\jinput-2.0.5.jar;C:\Users\User\.m2\repository\net\java\jutils\jutils\1.0.0\jutils-1.0.0.jar;C:\Users\User\.m2\repository\net\java\jinput\jinput-platform\2.0.5\jinput-platform-2.0.5-natives-linux.jar;C:\Users\User\.m2\repository\net\java\jinput\jinput-platform\2.0.5\jinput-platform-2.0.5-natives-windows.jar;C:\Users\User\.m2\repository\net\java\jinput\jinput-platform\2.0.5\jinput-platform-2.0.5-natives-osx.jar;C:\Users\User\.m2\repository\org\slick2d\slick2d-core\1.0.2\slick2d-core-1.0.2.jar;C:\Users\User\.m2\repository\org\jcraft\jorbis\0.0.17\jorbis-0.0.17.jar
Launcher Type: SUN_STANDARD

[Global flags]
     intx CICompilerCount                          = 3                                         {product} {ergonomic}
     uint ConcGCThreads                            = 1                                         {product} {ergonomic}
     uint G1ConcRefinementThreads                  = 4                                         {product} {ergonomic}
   size_t G1HeapRegionSize                         = 1048576                                   {product} {ergonomic}
    uintx GCDrainStackTargetSize                   = 64                                        {product} {ergonomic}
   size_t InitialHeapSize                          = 130023424                                 {product} {ergonomic}
   size_t MarkStackSize                            = 4194304                                   {product} {ergonomic}
   size_t MaxHeapSize                              = 2069889024                                {product} {ergonomic}
   size_t MaxNewSize                               = 1241513984                                {product} {ergonomic}
   size_t MinHeapDeltaBytes                        = 1048576                                   {product} {ergonomic}
   size_t MinHeapSize                              = 8388608                                   {product} {ergonomic}
    uintx NonNMethodCodeHeapSize                   = 5832780                                {pd product} {ergonomic}
    uintx NonProfiledCodeHeapSize                  = 122912730                              {pd product} {ergonomic}
    uintx ProfiledCodeHeapSize                     = 122912730                              {pd product} {ergonomic}
    uintx ReservedCodeCacheSize                    = 251658240                              {pd product} {ergonomic}
     bool SegmentedCodeCache                       = true                                      {product} {ergonomic}
   size_t SoftMaxHeapSize                          = 2069889024                             {manageable} {ergonomic}
     bool UseCompressedClassPointers               = true                           {product lp64_product} {ergonomic}
     bool UseCompressedOops                        = true                           {product lp64_product} {ergonomic}
     bool UseG1GC                                  = true                                      {product} {ergonomic}
     bool UseLargePagesIndividualAllocation        = false                                  {pd product} {ergonomic}

Logging:
Log output configuration:
 #0: stdout all=warning uptime,level,tags
 #1: stderr all=off uptime,level,tags

Environment Variables:
JAVA_HOME=C:\Program Files\Java\jdk-16.0.2
PATH=D:\WINDOWS.X64_193000_db_home\bin;C:\Python310\Scripts\;C:\Python310\;C:\Program Files\Common Files\Oracle\Java\javapath;C:\Windows\system32;C:\Windows;C:\Windows\System32\Wbem;C:\Windows\System32\WindowsPowerShell\v1.0\;C:\Windows\System32\OpenSSH\;C:\Program Files\Git\cmd;C:\Program Files\nodejs\;C:\ProgramData\chocolatey\bin;;C:\Program Files\Docker\Docker\resources\bin;C:\ProgramData\DockerDesktop\version-bin;C:\Users\User\AppData\Local\Microsoft\WindowsApps;C:\Users\User\AppData\Local\Programs\Microsoft VS Code\bin;C:\Program Files\JetBrains\IntelliJ IDEA 2020.3.3\bin;;C:\Users\User\AppData\Roaming\npm;C:\Program Files\JetBrains\WebStorm 2021.2.3\bin;;C:\Program Files\Apache Software Foundation\apache-maven-3.8.4\bin;C:\Kafka\apache-zookeeper-3.7.0-bin\bin;
USERNAME=User
OS=Windows_NT
PROCESSOR_IDENTIFIER=Intel64 Family 6 Model 158 Stepping 9, GenuineIntel



---------------  S Y S T E M  ---------------

OS:
 Windows 10 , 64 bit Build 19041 (10.0.19041.1503)
OS uptime: 6 days 1:56 hours
Hyper-V role detected

CPU: total 4 (initial active 4) (4 cores per cpu, 1 threads per core) family 6 model 158 stepping 9 microcode 0xb4, cx8, cmov, fxsr, mmx, 3dnowpref, sse, sse2, sse3, ssse3, sse4.1, sse4.2, popcnt, lzcnt, tsc, tscinvbit, avx, avx2, aes, erms, clmul, bmi1, bmi2, adx, fma, vzeroupper, clflush, clflushopt, hv

Memory: 4k page, system-wide physical 7891M (855M free)
TotalPageFile size 17619M (AvailPageFile size 5686M)
current process WorkingSet (physical memory assigned to process): 42M, peak: 42M
current process commit charge ("private bytes"): 202M, peak: 202M

vm_info: Java HotSpot(TM) 64-Bit Server VM (16.0.2+7-67) for windows-amd64 JRE (16.0.2+7-67), built on Jun  8 2021 23:24:19 by "mach5one" with MS VC++ 16.7 (VS2019)

END.
